<?xml version="1.0" encoding="UTF-8"?>
<testng-results skipped="0" failed="1" ignored="0" total="1" passed="0">
  <reporter-output>
  </reporter-output>
  <suite name="Default suite" duration-ms="36834" started-at="2023-03-07T10:27:51 IST" finished-at="2023-03-07T10:28:27 IST">
    <groups>
      <group name="regression">
        <method signature="PaylessAnonymousTestCases.AnonymousUserTestCases(java.util.Map)[pri:0, instance:testCases.PaylessAnonymousTestCases@144252c]" name="AnonymousUserTestCases" class="testCases.PaylessAnonymousTestCases"/>
      </group> <!-- regression -->
      <group name="Paylesscar">
        <method signature="PaylessAnonymousTestCases.AnonymousUserTestCases(java.util.Map)[pri:0, instance:testCases.PaylessAnonymousTestCases@144252c]" name="AnonymousUserTestCases" class="testCases.PaylessAnonymousTestCases"/>
      </group> <!-- Paylesscar -->
      <group name="sanity">
        <method signature="PaylessAnonymousTestCases.AnonymousUserTestCases(java.util.Map)[pri:0, instance:testCases.PaylessAnonymousTestCases@144252c]" name="AnonymousUserTestCases" class="testCases.PaylessAnonymousTestCases"/>
      </group> <!-- sanity -->
    </groups>
    <test name="Default test" duration-ms="36834" started-at="2023-03-07T10:27:51 IST" finished-at="2023-03-07T10:28:27 IST">
      <class name="testCases.PaylessAnonymousTestCases">
        <test-method status="PASS" signature="beforeGroupsTest(org.testng.xml.XmlTest)[pri:0, instance:testCases.PaylessAnonymousTestCases@144252c]" name="beforeGroupsTest" is-config="true" duration-ms="16" started-at="2023-03-07T10:27:51 IST" finished-at="2023-03-07T10:27:51 IST">
          <params>
            <param index="0">
              <value>
                <![CDATA[org.testng.xml.XmlTest@4c5623f4]]>
              </value>
            </param>
          </params>
          <reporter-output>
          </reporter-output>
        </test-method> <!-- beforeGroupsTest -->
        <test-method status="PASS" signature="startTest(org.testng.xml.XmlTest)[pri:0, instance:testCases.PaylessAnonymousTestCases@144252c]" name="startTest" is-config="true" duration-ms="212" started-at="2023-03-07T10:27:51 IST" finished-at="2023-03-07T10:27:51 IST">
          <params>
            <param index="0">
              <value>
                <![CDATA[org.testng.xml.XmlTest@4c5623f4]]>
              </value>
            </param>
          </params>
          <reporter-output>
          </reporter-output>
        </test-method> <!-- startTest -->
        <test-method status="PASS" signature="beforeMethodTestBase(java.lang.reflect.Method,[Ljava.lang.Object;)[pri:0, instance:testCases.PaylessAnonymousTestCases@144252c]" name="beforeMethodTestBase" is-config="true" duration-ms="4" started-at="2023-03-07T10:27:51 IST" finished-at="2023-03-07T10:27:51 IST">
          <params>
            <param index="0">
              <value>
                <![CDATA[public void testCases.PaylessAnonymousTestCases.AnonymousUserTestCases(java.util.Map)]]>
              </value>
            </param>
            <param index="1">
              <value>
                <![CDATA[[Ljava.lang.Object;@78e551]]>
              </value>
            </param>
          </params>
          <reporter-output>
          </reporter-output>
        </test-method> <!-- beforeMethodTestBase -->
        <test-method status="FAIL" signature="AnonymousUserTestCases(java.util.Map)[pri:0, instance:testCases.PaylessAnonymousTestCases@144252c]" name="AnonymousUserTestCases" duration-ms="34608" started-at="2023-03-07T10:27:51 IST" data-provider="dataAsMap" finished-at="2023-03-07T10:28:26 IST">
          <params>
            <param index="0">
              <value>
                <![CDATA[{PickUpLocation=ORD, CVV=NA, TestMethodName=AnonymousUserTestCases, Email=automation@yopmail.com, Address=NA, TestCaseName=Paylesscar_RES_Inbound_IATA_M_type_PayLater_US, DropOffTime=NA, DropOffDate=NA, PickUpTime=NA, PDN=NA, ExpiryYear=NA, Age=NA, Password=NA, Paylater&Paynow=Paylater, PickUpDate=NA, Coupon=MUZZ002, ExpiryMonth=NA, FirstName=Test, ZipCode=NA, CCNumber=NA, IATA=0105976L, City=NA, AGE1=NA, DropOffLocation=NA, ExpirationDate=NA, Username=NA, State=NA, Country=Thailand, PhoneNumber=NA, LastName=M, CancelReservation=NA, ModifyReservation=NA, UserType=Guest}]]>
              </value>
            </param>
          </params>
          <exception class="org.openqa.selenium.NoSuchElementException">
            <message>
              <![CDATA[no such element: Unable to locate element: {"method":"xpath","selector":"(//div[@class='location-info'])[1] | (//div[@class='summary-location'])[1]"}
  (Session info: chrome=110.0.5481.178)
For documentation on this error, please visit: https://www.seleniumhq.org/exceptions/no_such_element.html
Build info: version: '3.141.59', revision: 'e82be7d358', time: '2018-11-14T08:17:03'
System info: host: 'ANKURCHAUDHARY', ip: '172.27.160.1', os.name: 'Windows 10', os.arch: 'x86', os.version: '10.0', java.version: '1.8.0_192'
Driver info: org.openqa.selenium.chrome.ChromeDriver
Capabilities {acceptInsecureCerts: true, browserName: chrome, browserVersion: 110.0.5481.178, chrome: {chromedriverVersion: 110.0.5481.77 (65ed616c6e8e..., userDataDir: C:\Users\Lenovo\AppData\Loc...}, goog:chromeOptions: {debuggerAddress: localhost:55592}, javascriptEnabled: true, networkConnectionEnabled: false, pageLoadStrategy: normal, platform: WINDOWS, platformName: WINDOWS, proxy: Proxy(), setWindowRect: true, strictFileInteractability: false, timeouts: {implicit: 0, pageLoad: 300000, script: 30000}, unhandledPromptBehavior: dismiss and notify, webauthn:extension:credBlob: true, webauthn:extension:largeBlob: true, webauthn:virtualAuthenticators: true}
Session ID: 5adee920a7e6b7d62c78aeb4a8d9c77b
*** Element info: {Using=xpath, value=(//div[@class='location-info'])[1] | (//div[@class='summary-location'])[1]}]]>
            </message>
            <full-stacktrace>
              <![CDATA[org.openqa.selenium.NoSuchElementException: no such element: Unable to locate element: {"method":"xpath","selector":"(//div[@class='location-info'])[1] | (//div[@class='summary-location'])[1]"}
  (Session info: chrome=110.0.5481.178)
For documentation on this error, please visit: https://www.seleniumhq.org/exceptions/no_such_element.html
Build info: version: '3.141.59', revision: 'e82be7d358', time: '2018-11-14T08:17:03'
System info: host: 'ANKURCHAUDHARY', ip: '172.27.160.1', os.name: 'Windows 10', os.arch: 'x86', os.version: '10.0', java.version: '1.8.0_192'
Driver info: org.openqa.selenium.chrome.ChromeDriver
Capabilities {acceptInsecureCerts: true, browserName: chrome, browserVersion: 110.0.5481.178, chrome: {chromedriverVersion: 110.0.5481.77 (65ed616c6e8e..., userDataDir: C:\Users\Lenovo\AppData\Loc...}, goog:chromeOptions: {debuggerAddress: localhost:55592}, javascriptEnabled: true, networkConnectionEnabled: false, pageLoadStrategy: normal, platform: WINDOWS, platformName: WINDOWS, proxy: Proxy(), setWindowRect: true, strictFileInteractability: false, timeouts: {implicit: 0, pageLoad: 300000, script: 30000}, unhandledPromptBehavior: dismiss and notify, webauthn:extension:credBlob: true, webauthn:extension:largeBlob: true, webauthn:virtualAuthenticators: true}
Session ID: 5adee920a7e6b7d62c78aeb4a8d9c77b
*** Element info: {Using=xpath, value=(//div[@class='location-info'])[1] | (//div[@class='summary-location'])[1]}
at sun.reflect.NativeConstructorAccessorImpl.newInstance0(Native Method)
at sun.reflect.NativeConstructorAccessorImpl.newInstance(NativeConstructorAccessorImpl.java:62)
at sun.reflect.DelegatingConstructorAccessorImpl.newInstance(DelegatingConstructorAccessorImpl.java:45)
at java.lang.reflect.Constructor.newInstance(Constructor.java:423)
at org.openqa.selenium.remote.http.W3CHttpResponseCodec.createException(W3CHttpResponseCodec.java:187)
at org.openqa.selenium.remote.http.W3CHttpResponseCodec.decode(W3CHttpResponseCodec.java:122)
at org.openqa.selenium.remote.http.W3CHttpResponseCodec.decode(W3CHttpResponseCodec.java:49)
at org.openqa.selenium.remote.HttpCommandExecutor.execute(HttpCommandExecutor.java:158)
at org.openqa.selenium.remote.service.DriverCommandExecutor.execute(DriverCommandExecutor.java:83)
at org.openqa.selenium.remote.RemoteWebDriver.execute(RemoteWebDriver.java:552)
at org.openqa.selenium.remote.RemoteWebDriver.findElement(RemoteWebDriver.java:323)
at org.openqa.selenium.remote.RemoteWebDriver.findElementByXPath(RemoteWebDriver.java:428)
at org.openqa.selenium.By$ByXPath.findElement(By.java:353)
at org.openqa.selenium.remote.RemoteWebDriver.findElement(RemoteWebDriver.java:315)
at org.openqa.selenium.support.pagefactory.DefaultElementLocator.findElement(DefaultElementLocator.java:69)
at org.openqa.selenium.support.pagefactory.internal.LocatingElementHandler.invoke(LocatingElementHandler.java:38)
at com.sun.proxy.$Proxy31.getText(Unknown Source)
at pageObjects.PaylessVehiclesPage.chooseVehicles(PaylessVehiclesPage.java:43)
at testCases.PaylessAnonymousTestCases.AnonymousUserTestCases(PaylessAnonymousTestCases.java:27)
at sun.reflect.NativeMethodAccessorImpl.invoke0(Native Method)
at sun.reflect.NativeMethodAccessorImpl.invoke(NativeMethodAccessorImpl.java:62)
at sun.reflect.DelegatingMethodAccessorImpl.invoke(DelegatingMethodAccessorImpl.java:43)
at java.lang.reflect.Method.invoke(Method.java:498)
at org.testng.internal.MethodInvocationHelper.invokeMethod(MethodInvocationHelper.java:133)
at org.testng.internal.TestInvoker.invokeMethod(TestInvoker.java:598)
at org.testng.internal.TestInvoker.invokeTestMethod(TestInvoker.java:173)
at org.testng.internal.MethodRunner.runInSequence(MethodRunner.java:46)
at org.testng.internal.TestInvoker$MethodInvocationAgent.invoke(TestInvoker.java:824)
at org.testng.internal.TestInvoker.invokeTestMethods(TestInvoker.java:146)
at org.testng.internal.TestMethodWorker.invokeTestMethods(TestMethodWorker.java:146)
at org.testng.internal.TestMethodWorker.run(TestMethodWorker.java:128)
at java.util.ArrayList.forEach(ArrayList.java:1257)
at org.testng.TestRunner.privateRun(TestRunner.java:794)
at org.testng.TestRunner.run(TestRunner.java:596)
at org.testng.SuiteRunner.runTest(SuiteRunner.java:377)
at org.testng.SuiteRunner.runSequentially(SuiteRunner.java:371)
at org.testng.SuiteRunner.privateRun(SuiteRunner.java:332)
at org.testng.SuiteRunner.run(SuiteRunner.java:276)
at org.testng.SuiteRunnerWorker.runSuite(SuiteRunnerWorker.java:53)
at org.testng.SuiteRunnerWorker.run(SuiteRunnerWorker.java:96)
at org.testng.TestNG.runSuitesSequentially(TestNG.java:1212)
at org.testng.TestNG.runSuitesLocally(TestNG.java:1134)
at org.testng.TestNG.runSuites(TestNG.java:1063)
at org.testng.TestNG.run(TestNG.java:1031)
at org.testng.remote.AbstractRemoteTestNG.run(AbstractRemoteTestNG.java:115)
at org.testng.remote.RemoteTestNG.initAndRun(RemoteTestNG.java:251)
at org.testng.remote.RemoteTestNG.main(RemoteTestNG.java:77)
]]>
            </full-stacktrace>
          </exception> <!-- org.openqa.selenium.NoSuchElementException -->
          <reporter-output>
          </reporter-output>
        </test-method> <!-- AnonymousUserTestCases -->
        <test-method status="PASS" signature="afterMethodTestBase(org.testng.ITestResult)[pri:0, instance:testCases.PaylessAnonymousTestCases@144252c]" name="afterMethodTestBase" is-config="true" duration-ms="1090" started-at="2023-03-07T10:28:26 IST" finished-at="2023-03-07T10:28:27 IST">
          <params>
            <param index="0">
              <value>
                <![CDATA[[TestResult name=AnonymousUserTestCases status=FAILURE method=PaylessAnonymousTestCases.AnonymousUserTestCases(java.util.Map)[pri:0, instance:testCases.PaylessAnonymousTestCases@144252c] output={null}]]]>
              </value>
            </param>
          </params>
          <reporter-output>
          </reporter-output>
        </test-method> <!-- afterMethodTestBase -->
        <test-method status="PASS" signature="afterGroupsTest(org.testng.xml.XmlTest)[pri:0, instance:testCases.PaylessAnonymousTestCases@144252c]" name="afterGroupsTest" is-config="true" duration-ms="0" started-at="2023-03-07T10:28:28 IST" finished-at="2023-03-07T10:28:28 IST">
          <params>
            <param index="0">
              <value>
                <![CDATA[org.testng.xml.XmlTest@4c5623f4]]>
              </value>
            </param>
          </params>
          <reporter-output>
          </reporter-output>
        </test-method> <!-- afterGroupsTest -->
      </class> <!-- testCases.PaylessAnonymousTestCases -->
    </test> <!-- Default test -->
  </suite> <!-- Default suite -->
</testng-results>
