<testsuite hostname="AnkurChaudhary" ignored="2" name="Test" tests="1" failures="0" timestamp="2023-01-17T11:51:36 IST" time="28.492" errors="0">
<testcase name="Paylesscar_RES_Profile_G_typeCoupon_Extras_Paylater_US"  classname=" com.abg.payless.PaylessAuthenticatedTestCases">
<failure type="java.lang.AssertionException" message=" expected [true] but found [false]">
<![CDATA[ expected [true] but found [false]expected [true] but found [false]]]>
</failure>
</testcase>
<testcase name="Paylesscar_RES_Profile_Outbound_PDN_Paylater_US"  classname=" com.abg.payless.PaylessAuthenticatedTestCases">
<failure type="java.lang.AssertionException" message=" expected [true] but found [false]">
<![CDATA[ expected [true] but found [false]expected [true] but found [false]]]>
</failure>
</testcase>
<testcase name="Paylesscar_RES_Profile_Inbound_IATA_M_type_PayLater_US"  classname=" com.abg.payless.PaylessAuthenticatedTestCases">
<failure type="org.openqa.selenium.NoSuchElementException" message=" no such element">
<![CDATA[ Unable to locate elementno such element: Unable to locate element: {"method":"xpath","selector":"//h1[@ng-if="(vm.pageName == carRentalConstant.confirmationPage || (vm.pageName == '/display-confirmationPage')) && !vm.disableModifyCancel"]"}
  (Session info: chrome=109.0.5414.120)
For documentation on this error, please visit: https://www.seleniumhq.org/exceptions/no_such_element.html
Build info: version: '3.141.59', revision: 'e82be7d358', time: '2018-11-14T08:17:03'
System info: host: 'ANKURCHAUDHARY', ip: '172.25.208.1', os.name: 'Windows 10', os.arch: 'x86', os.version: '10.0', java.version: '1.8.0_192'
Driver info: org.openqa.selenium.chrome.ChromeDriver
Capabilities {acceptInsecureCerts: true, browserName: chrome, browserVersion: 109.0.5414.120, chrome: {chromedriverVersion: 109.0.5414.74 (e7c5703604da..., userDataDir: C:\Users\Lenovo\AppData\Loc...}, goog:chromeOptions: {debuggerAddress: localhost:56578}, javascriptEnabled: true, networkConnectionEnabled: false, pageLoadStrategy: normal, platform: WINDOWS, platformName: WINDOWS, proxy: Proxy(), setWindowRect: true, strictFileInteractability: false, timeouts: {implicit: 0, pageLoad: 300000, script: 30000}, unhandledPromptBehavior: dismiss and notify, webauthn:extension:credBlob: true, webauthn:extension:largeBlob: true, webauthn:virtualAuthenticators: true}
Session ID: 98d9c73265d4b79a6c5386857d07ed1b
*** Element info: {Using=xpath, value=//h1[@ng-if="(vm.pageName == carRentalConstant.confirmationPage || (vm.pageName == '/display-confirmationPage')) && !vm.disableModifyCancel"]}]]>
</failure>
</testcase>
<testcase name="Paylesscar_RES_Profile_Verify_Underage_onStep1_keydrop_US"  classname=" com.abg.payless.PaylessAuthenticatedTestCases">
<failure type="org.openqa.selenium.NoSuchElementException" message=" no such element">
<![CDATA[ Unable to locate elementno such element: Unable to locate element: {"method":"xpath","selector":"//h1[@ng-if="(vm.pageName == carRentalConstant.confirmationPage || (vm.pageName == '/display-confirmationPage')) && !vm.disableModifyCancel"]"}
  (Session info: chrome=109.0.5414.120)
For documentation on this error, please visit: https://www.seleniumhq.org/exceptions/no_such_element.html
Build info: version: '3.141.59', revision: 'e82be7d358', time: '2018-11-14T08:17:03'
System info: host: 'ANKURCHAUDHARY', ip: '172.25.208.1', os.name: 'Windows 10', os.arch: 'x86', os.version: '10.0', java.version: '1.8.0_192'
Driver info: org.openqa.selenium.chrome.ChromeDriver
Capabilities {acceptInsecureCerts: true, browserName: chrome, browserVersion: 109.0.5414.120, chrome: {chromedriverVersion: 109.0.5414.74 (e7c5703604da..., userDataDir: C:\Users\Lenovo\AppData\Loc...}, goog:chromeOptions: {debuggerAddress: localhost:56711}, javascriptEnabled: true, networkConnectionEnabled: false, pageLoadStrategy: normal, platform: WINDOWS, platformName: WINDOWS, proxy: Proxy(), setWindowRect: true, strictFileInteractability: false, timeouts: {implicit: 0, pageLoad: 300000, script: 30000}, unhandledPromptBehavior: dismiss and notify, webauthn:extension:credBlob: true, webauthn:extension:largeBlob: true, webauthn:virtualAuthenticators: true}
Session ID: 4055731339bc5e6510be9d800607636a
*** Element info: {Using=xpath, value=//h1[@ng-if="(vm.pageName == carRentalConstant.confirmationPage || (vm.pageName == '/display-confirmationPage')) && !vm.disableModifyCancel"]}]]>
</failure>
</testcase>
<testcase name="Paylesscar_RES_Profile_Outbound_DCC_Paynow_US"  classname=" com.abg.payless.PaylessAuthenticatedTestCases">
<failure type="org.openqa.selenium.NoSuchElementException" message=" no such element">
<![CDATA[ Unable to locate elementno such element: Unable to locate element: {"method":"xpath","selector":"//h1[@ng-if="(vm.pageName == carRentalConstant.confirmationPage || (vm.pageName == '/display-confirmationPage')) && !vm.disableModifyCancel"]"}
  (Session info: chrome=109.0.5414.120)
For documentation on this error, please visit: https://www.seleniumhq.org/exceptions/no_such_element.html
Build info: version: '3.141.59', revision: 'e82be7d358', time: '2018-11-14T08:17:03'
System info: host: 'ANKURCHAUDHARY', ip: '172.25.208.1', os.name: 'Windows 10', os.arch: 'x86', os.version: '10.0', java.version: '1.8.0_192'
Driver info: org.openqa.selenium.chrome.ChromeDriver
Capabilities {acceptInsecureCerts: true, browserName: chrome, browserVersion: 109.0.5414.120, chrome: {chromedriverVersion: 109.0.5414.74 (e7c5703604da..., userDataDir: C:\Users\Lenovo\AppData\Loc...}, goog:chromeOptions: {debuggerAddress: localhost:56843}, javascriptEnabled: true, networkConnectionEnabled: false, pageLoadStrategy: normal, platform: WINDOWS, platformName: WINDOWS, proxy: Proxy(), setWindowRect: true, strictFileInteractability: false, timeouts: {implicit: 0, pageLoad: 300000, script: 30000}, unhandledPromptBehavior: dismiss and notify, webauthn:extension:credBlob: true, webauthn:extension:largeBlob: true, webauthn:virtualAuthenticators: true}
Session ID: 36e60dedb33811b0c274e8fcd687b6a6
*** Element info: {Using=xpath, value=//h1[@ng-if="(vm.pageName == carRentalConstant.confirmationPage || (vm.pageName == '/display-confirmationPage')) && !vm.disableModifyCancel"]}]]>
</failure>
</testcase>
<testcase name="Paylesscar_RES_Profile_Verify_keydrop_US"  classname=" com.abg.payless.PaylessAuthenticatedTestCases">
<failure type="org.openqa.selenium.TimeoutException" message=" Expected condition failed">
<![CDATA[ waiting for visibility of [[ChromeDriverExpected condition failed: waiting for visibility of [[ChromeDriver: chrome on WINDOWS (5501b1de8bba324be8847b681c0a3e02)] -> id: username] (tried for 5 second(s) with 500 milliseconds interval)
Build info: version: '3.141.59', revision: 'e82be7d358', time: '2018-11-14T08:17:03'
System info: host: 'ANKURCHAUDHARY', ip: '172.25.208.1', os.name: 'Windows 10', os.arch: 'x86', os.version: '10.0', java.version: '1.8.0_192'
Driver info: org.openqa.selenium.chrome.ChromeDriver
Capabilities {acceptInsecureCerts: true, browserName: chrome, browserVersion: 109.0.5414.120, chrome: {chromedriverVersion: 109.0.5414.74 (e7c5703604da..., userDataDir: C:\Users\Lenovo\AppData\Loc...}, goog:chromeOptions: {debuggerAddress: localhost:56991}, javascriptEnabled: true, networkConnectionEnabled: false, pageLoadStrategy: normal, platform: WINDOWS, platformName: WINDOWS, proxy: Proxy(), setWindowRect: true, strictFileInteractability: false, timeouts: {implicit: 0, pageLoad: 300000, script: 30000}, unhandledPromptBehavior: dismiss and notify, webauthn:extension:credBlob: true, webauthn:extension:largeBlob: true, webauthn:virtualAuthenticators: true}
Session ID: 5501b1de8bba324be8847b681c0a3e02]]>
</failure>
</testcase>

</testsuite>
